<?xml version="1.0" encoding="UTF-8"?>
<testsuite xmlns:xsi="http://www.w3.org/2001/XMLSchema-instance" xsi:schemaLocation="https://maven.apache.org/surefire/maven-surefire-plugin/xsd/surefire-test-report.xsd" name="TestSuite" time="61.479" tests="7" errors="0" skipped="4" failures="3">
  <properties>
[...]
</properties>
  <testcase name="beforeTest" classname="com.project.SecondProject.TrackoMainTest" time="0.454">
    <failure type="java.lang.NullPointerException">java.lang.NullPointerException
	at com.project.SecondProject.TrackoMainTest.beforeTest(TrackoMainTest.java:72)
</failure>
    <system-out><![CDATA[[TestNGContentHandler] [WARN] It is strongly recommended to add "<!DOCTYPE suite SYSTEM "http://testng.org/testng-1.0.dtd" >" at the top of your file, otherwise TestNG may fail or not work as expected.
close
close
]]></system-out>
  </testcase>
  <testcase name="beforeTest" classname="com.project.SecondProject.TrackoMainTest" time="0.454">
    <failure type="java.lang.NullPointerException">java.lang.NullPointerException
	at com.project.SecondProject.TrackoMainTest.beforeTest(TrackoMainTest.java:72)
</failure>
  </testcase>
  <testcase name="f" classname="com.project.SecondProject.TrackoMainTest" time="0">
    <skipped/>
  </testcase>
  <testcase name="f" classname="com.project.SecondProject.TrackoMainTest" time="0">
    <skipped/>
  </testcase>
  <testcase name="f" classname="com.project.SecondProject.TrackoMainTest" time="51.21">
    <failure message="no such element: Unable to locate element: {&quot;method&quot;:&quot;xpath&quot;,&quot;selector&quot;:&quot;//select[@id=&apos;cPmblans&apos;]&quot;}&#10;  (Session info: chrome=59.0.3071.115)&#10;  (Driver info: chromedriver=2.29.461591 (62ebf098771772160f391d75e589dc567915b233),platform=Windows NT 10.0.10240 x86_64) (WARNING: The server did not provide any stacktrace information)&#10;Command duration or timeout: 30.01 seconds&#10;For documentation on this error, please visit: http://seleniumhq.org/exceptions/no_such_element.html&#10;Build info: version: &apos;3.4.0&apos;, revision: &apos;unknown&apos;, time: &apos;unknown&apos;&#10;System info: host: &apos;VRUSHABH-PC&apos;, ip: &apos;192.168.0.4&apos;, os.name: &apos;Windows 8.1&apos;, os.arch: &apos;amd64&apos;, os.version: &apos;6.3&apos;, java.version: &apos;1.8.0_25&apos;&#10;Driver info: org.openqa.selenium.chrome.ChromeDriver&#10;Capabilities [{applicationCacheEnabled=false, rotatable=false, mobileEmulationEnabled=false, networkConnectionEnabled=false, chrome={chromedriverVersion=2.29.461591 (62ebf098771772160f391d75e589dc567915b233), userDataDir=C:\Users\ABHIJ_~1\AppData\Local\Temp\scoped_dir17900_1505}, takesHeapSnapshot=true, pageLoadStrategy=normal, databaseEnabled=false, handlesAlerts=true, hasTouchScreen=false, version=59.0.3071.115, platform=WIN8_1, browserConnectionEnabled=false, nativeEvents=true, acceptSslCerts=true, locationContextEnabled=true, webStorageEnabled=true, browserName=chrome, takesScreenshot=true, javascriptEnabled=true, cssSelectorsEnabled=true, unexpectedAlertBehaviour=}]&#10;Session ID: 6759619895d84a8b3ac14ab814b5080b&#10;*** Element info: {Using=xpath, value=//select[@id=&apos;cPmblans&apos;]}" type="org.openqa.selenium.NoSuchElementException">org.openqa.selenium.NoSuchElementException: 
no such element: Unable to locate element: {"method":"xpath","selector":"//select[@id='cPmblans']"}
  (Session info: chrome=59.0.3071.115)
  (Driver info: chromedriver=2.29.461591 (62ebf098771772160f391d75e589dc567915b233),platform=Windows NT 10.0.10240 x86_64) (WARNING: The server did not provide any stacktrace information)
Command duration or timeout: 30.01 seconds
For documentation on this error, please visit: http://seleniumhq.org/exceptions/no_such_element.html
Build info: version: '3.4.0', revision: 'unknown', time: 'unknown'
System info: host: 'VRUSHABH-PC', ip: '192.168.0.4', os.name: 'Windows 8.1', os.arch: 'amd64', os.version: '6.3', java.version: '1.8.0_25'
Driver info: org.openqa.selenium.chrome.ChromeDriver
Capabilities [{applicationCacheEnabled=false, rotatable=false, mobileEmulationEnabled=false, networkConnectionEnabled=false, chrome={chromedriverVersion=2.29.461591 (62ebf098771772160f391d75e589dc567915b233), userDataDir=C:\Users\ABHIJ_~1\AppData\Local\Temp\scoped_dir17900_1505}, takesHeapSnapshot=true, pageLoadStrategy=normal, databaseEnabled=false, handlesAlerts=true, hasTouchScreen=false, version=59.0.3071.115, platform=WIN8_1, browserConnectionEnabled=false, nativeEvents=true, acceptSslCerts=true, locationContextEnabled=true, webStorageEnabled=true, browserName=chrome, takesScreenshot=true, javascriptEnabled=true, cssSelectorsEnabled=true, unexpectedAlertBehaviour=}]
Session ID: 6759619895d84a8b3ac14ab814b5080b
*** Element info: {Using=xpath, value=//select[@id='cPmblans']}
	at com.project.SecondProject.TrackoMainTest.f(TrackoMainTest.java:37)
</failure>
    <system-out><![CDATA[hello  test world
]]></system-out>
    <system-err><![CDATA[Starting ChromeDriver 2.29.461591 (62ebf098771772160f391d75e589dc567915b233) on port 12423
Only local connections are allowed.
Jul 08, 2017 11:41:34 AM org.openqa.selenium.remote.ProtocolHandshake createSession
INFO: Detected dialect: OSS
]]></system-err>
  </testcase>
  <testcase name="afterTest" classname="com.project.SecondProject.TrackoMainTest" time="0">
    <skipped/>
  </testcase>
  <testcase name="afterTest" classname="com.project.SecondProject.TrackoMainTest" time="0">
    <skipped/>
  </testcase>
</testsuite>